** Message: 17:59:02.035: environement.vala:58: Exporting primary_variable
** Message: 17:59:02.035: environement.vala:59: desktop_environnement XDG_CURRENT_DESKTOP
** Message: 17:59:02.035: environement.vala:150: confir_dirs is null, export : /etc/xdg
** Message: 17:59:02.035: environement.vala:184: Exporting XDG_CONFIG_DIRS
** Message: 17:59:02.035: environement.vala:218: custom_data :
** Message: 17:59:02.035: environement.vala:219: data_dirs :/usr/share/fkms:/usr/local/share:/usr/share/raspi-ui-overrides:/usr/share:/usr/share/gdm:/var/lib/menu-xdg
** Message: 17:59:02.035: environement.vala:220: data_dirs not null, export : /usr/share/fkms:/usr/local/share:/usr/share/raspi-ui-overrides:/usr/share:/usr/share/gdm:/var/lib/menu-xdg
** Message: 17:59:02.035: environement.vala:225: Exporting XDG_DATA_DIRS
** Message: 17:59:02.036: utils.vala:138: Config system location : /etc/xdg/lxsession/LXDE-pi
** Message: 17:59:02.039: utils.vala:144: System system path location : /etc/xdg/lxsession/LXDE-pi/desktop.conf
** Message: 17:59:02.039: utils.vala:148: Final file used : /etc/xdg/lxsession/LXDE-pi/desktop.conf
** Message: 17:59:02.039: utils.vala:39: Config system location : /etc/xdg/lxsession/LXDE-pi
** Message: 17:59:02.039: utils.vala:45: System system path location : /etc/xdg/lxsession/LXDE-pi/desktop.conf

** (lxsession:730): WARNING **: 17:59:02.043: utils.vala:70: Aucun fichier ou dossier de ce type
** Message: 17:59:02.043: settings.vala:540: Le fichier de clés ne contient pas de clé « iGtk/ColorScheme » dans le groupe « GTK »
** Message: 17:59:02.043: settings.vala:540: Le fichier de clés ne contient pas de clé « windows_manager/command » dans le groupe « Session »
** Message: 17:59:02.043: settings.vala:540: Le fichier de clés ne contient pas de clé « panel/command » dans le groupe « Session »
** Message: 17:59:02.043: settings.vala:540: Le fichier de clés ne contient pas de clé « dock/command » dans le groupe « Session »
** Message: 17:59:02.043: settings.vala:540: Le fichier de clés ne contient pas de clé « file_manager/command » dans le groupe « Session »
** Message: 17:59:02.043: settings.vala:540: Le fichier de clés ne contient pas de clé « desktop_manager/command » dans le groupe « Session »
** Message: 17:59:02.043: settings.vala:540: Le fichier de clés ne contient pas de clé « launcher_manager/autostart » dans le groupe « Session »
** Message: 17:59:02.043: settings.vala:540: Le fichier de clés ne contient pas de clé « composite_manager/command » dans le groupe « Session »
** Message: 17:59:02.043: settings.vala:540: Le fichier de clés ne contient pas de clé « im1/command » dans le groupe « Session »
** Message: 17:59:02.044: settings.vala:540: Le fichier de clés ne contient pas de clé « im2/command » dans le groupe « Session »
** Message: 17:59:02.044: settings.vala:540: Le fichier de clés ne contient pas de clé « widget1/command » dans le groupe « Session »
** Message: 17:59:02.044: settings.vala:540: Le fichier de clés ne contient pas de clé « notification/command » dans le groupe « Session »
** Message: 17:59:02.044: settings.vala:540: Le fichier de clés ne contient pas de clé « keybindings/command » dans le groupe « Session »
** Message: 17:59:02.044: settings.vala:540: Le fichier de clés ne contient pas de clé « im_manager/command » dans le groupe « Session »
** Message: 17:59:02.044: settings.vala:540: Le fichier de clés ne contient pas de clé « screensaver/command » dans le groupe « Session »
** Message: 17:59:02.044: settings.vala:540: Le fichier de clés ne contient pas de clé « power_manager/command » dans le groupe « Session »
** Message: 17:59:02.044: settings.vala:540: Le fichier de clés ne contient pas de clé « audio_manager/command » dans le groupe « Session »
** Message: 17:59:02.044: settings.vala:540: Le fichier de clés ne contient pas de clé « workspace_manager/command » dans le groupe « Session »
** Message: 17:59:02.044: settings.vala:540: Le fichier de clés ne contient pas de clé « screenshot_manager/command » dans le groupe « Session »
** Message: 17:59:02.044: settings.vala:540: Le fichier de clés ne contient pas de clé « message_manager/command » dans le groupe « Session »
** Message: 17:59:02.044: settings.vala:540: Le fichier de clés ne contient pas de clé « upgrade_manager/command » dans le groupe « Session »
** Message: 17:59:02.044: settings.vala:540: Le fichier de clés ne contient pas de clé « updates_manager/command » dans le groupe « Session »
** Message: 17:59:02.044: settings.vala:540: Le fichier de clés ne contient pas de clé « updates_manager/timeout » dans le groupe « Session »
** Message: 17:59:02.044: settings.vala:540: Le fichier de clés ne contient pas de clé « crash_manager/command » dans le groupe « Session »
** Message: 17:59:02.044: settings.vala:540: Le fichier de clés ne contient pas de clé « crash_manager/dev_mode » dans le groupe « Session »
** Message: 17:59:02.044: settings.vala:540: Le fichier de clés ne contient pas de clé « crash_manager/timeout » dans le groupe « Session »
** Message: 17:59:02.044: settings.vala:540: Le fichier de clés ne contient pas de clé « upstart_user_session » dans le groupe « Session »
** Message: 17:59:02.044: settings.vala:540: Le fichier de clés ne contient pas de clé « proxy_manager/http » dans le groupe « Session »
** Message: 17:59:02.044: settings.vala:540: Le fichier de clés ne contient pas de clé « a11y/command » dans le groupe « Session »
** Message: 17:59:02.044: settings.vala:540: Le fichier de clés ne contient pas de clé « xrandr/command » dans le groupe « Session »
** Message: 17:59:02.044: settings.vala:540: Le fichier de clés ne contient pas de clé « network_gui/command » dans le groupe « Session »
** Message: 17:59:02.044: settings.vala:540: Le fichier de clés ne contient pas de clé « webbrowser/command » dans le groupe « Session »
** Message: 17:59:02.044: settings.vala:540: Le fichier de clés ne contient pas de clé « email/command » dans le groupe « Session »
** Message: 17:59:02.044: settings.vala:540: Le fichier de clés ne contient pas de clé « pdf_reader/command » dans le groupe « Session »
** Message: 17:59:02.045: settings.vala:540: Le fichier de clés ne contient pas de clé « video_player/command » dans le groupe « Session »
** Message: 17:59:02.045: settings.vala:540: Le fichier de clés ne contient pas de clé « audio_player/command » dans le groupe « Session »
** Message: 17:59:02.045: settings.vala:540: Le fichier de clés ne contient pas de clé « image_display/command » dans le groupe « Session »
** Message: 17:59:02.045: settings.vala:540: Le fichier de clés ne contient pas de clé « text_editor/command » dans le groupe « Session »
** Message: 17:59:02.045: settings.vala:540: Le fichier de clés ne contient pas de clé « archive/command » dans le groupe « Session »
** Message: 17:59:02.045: settings.vala:540: Le fichier de clés ne contient pas de clé « charmap/command » dans le groupe « Session »
** Message: 17:59:02.045: settings.vala:540: Le fichier de clés ne contient pas de clé « calculator/command » dans le groupe « Session »
** Message: 17:59:02.045: settings.vala:540: Le fichier de clés ne contient pas de clé « spreadsheet/command » dans le groupe « Session »
** Message: 17:59:02.045: settings.vala:540: Le fichier de clés ne contient pas de clé « bittorent/command » dans le groupe « Session »
** Message: 17:59:02.045: settings.vala:540: Le fichier de clés ne contient pas de clé « document/command » dans le groupe « Session »
** Message: 17:59:02.045: settings.vala:540: Le fichier de clés ne contient pas de clé « webcam/command » dans le groupe « Session »
** Message: 17:59:02.045: settings.vala:540: Le fichier de clés ne contient pas de clé « burn/command » dans le groupe « Session »
** Message: 17:59:02.045: settings.vala:540: Le fichier de clés ne contient pas de clé « notes/command » dans le groupe « Session »
** Message: 17:59:02.045: settings.vala:540: Le fichier de clés ne contient pas de clé « disk_utility/command » dans le groupe « Session »
** Message: 17:59:02.045: settings.vala:540: Le fichier de clés ne contient pas de clé « tasks/command » dans le groupe « Session »
** Message: 17:59:02.045: settings.vala:540: Le fichier de clés n’a pas de groupe « Keymap »
** Message: 17:59:02.045: settings.vala:540: Le fichier de clés ne contient pas de clé « laptop_mode » dans le groupe « State »
** Message: 17:59:02.045: settings.vala:540: Le fichier de clés ne contient pas de clé « gnome » dans le groupe « Dbus »
** Message: 17:59:02.045: settings.vala:540: Le fichier de clés ne contient pas de clé « type » dans le groupe « Environment »
** Message: 17:59:02.045: settings.vala:540: Le fichier de clés ne contient pas de clé « ubuntu_menuproxy » dans le groupe « Environment »
** Message: 17:59:02.045: settings.vala:540: Le fichier de clés ne contient pas de clé « toolkit_integration » dans le groupe « Environment »
** Message: 17:59:02.045: settings.vala:540: Le fichier de clés ne contient pas de clé « gtk/overlay_scrollbar_disable » dans le groupe « Environment »
** Message: 17:59:02.045: settings.vala:540: Le fichier de clés ne contient pas de clé « qt/force_theme » dans le groupe « Environment »
** Message: 17:59:02.045: settings.vala:540: Le fichier de clés ne contient pas de clé « qt/platform » dans le groupe « Environment »
** Message: 17:59:02.046: settings.vala:462: Monitoring: /etc/xdg/lxsession/LXDE-pi/desktop.conf
** Message: 17:59:02.046: settings.vala:470: Desktop file is not in config home, monitoring creation of it
** Message: 17:59:02.046: settings.vala:485: Monitoring home path: /home/chris/.config/lxsession/LXDE-pi/desktop.conf
** Message: 17:59:02.046: environement.vala:79: Exporting variable
** Message: 17:59:02.046: environement.vala:80: desktop_environnement XDG_CURRENT_DESKTOP
** Message: 17:59:02.046: environement.vala:177: custom_config :
** Message: 17:59:02.046: environement.vala:178: config_dirs :/etc/xdg
** Message: 17:59:02.046: environement.vala:179: confir_dirs not null, export : /etc/xdg
** Message: 17:59:02.046: environement.vala:184: Exporting XDG_CONFIG_DIRS
** Message: 17:59:02.047: environement.vala:218: custom_data :
** Message: 17:59:02.047: environement.vala:219: data_dirs :/usr/share/fkms:/usr/local/share:/usr/share/raspi-ui-overrides:/usr/share:/usr/share/gdm:/var/lib/menu-xdg
** Message: 17:59:02.047: environement.vala:220: data_dirs not null, export : /usr/share/fkms:/usr/local/share:/usr/share/raspi-ui-overrides:/usr/share:/usr/share/gdm:/var/lib/menu-xdg
** Message: 17:59:02.047: environement.vala:225: Exporting XDG_DATA_DIRS
** Message: 17:59:02.047: utils.vala:39: Config system location : /etc/xdg/lxsession/LXDE-pi
** Message: 17:59:02.047: utils.vala:45: System system path location : /etc/xdg/lxsession/LXDE-pi/desktop.conf

** (lxsession:730): WARNING **: 17:59:02.047: utils.vala:70: Aucun fichier ou dossier de ce type
** Message: 17:59:02.047: environement.vala:254: No entry in [Environment_variable]. Le fichier de clés n’a pas de groupe « Environment_variable »

** (lxsession:730): WARNING **: 17:59:02.050: process.vala:49: L’exécution du processus fils « xprop » a échoué (Aucun fichier ou dossier de ce type)

** (lxsession:730): WARNING **: 17:59:02.050: process.vala:50: Error when launching xprop
** Message: 17:59:02.050: utils.vala:138: Config system location : /etc/xdg/lxsession/LXDE-pi
** Message: 17:59:02.050: utils.vala:144: System system path location : /etc/xdg/lxsession/LXDE-pi/conffiles.conf
** Message: 17:59:02.050: utils.vala:148: Final file used : /etc/xdg/lxsession/LXDE-pi/conffiles.conf
** Message: 17:59:02.051: options.vala:164: Activate xsettings_manager build-in
** Message: 17:59:02.051: utils.vala:39: Config system location : /etc/xdg/lxsession/LXDE-pi
** Message: 17:59:02.051: utils.vala:45: System system path location : /etc/xdg/lxsession/LXDE-pi/desktop.conf

** (lxsession:730): WARNING **: 17:59:02.051: utils.vala:70: Aucun fichier ou dossier de ce type
** Message: 17:59:02.075: app.vala:728: polkit separate
** Message: 17:59:02.076: app.vala:728: polkit separate
** Message: 17:59:02.094: app.vala:76: Launching lxpolkit 
** Message: 17:59:02.095: utils.vala:138: Config system location : /etc/xdg/lxsession/LXDE-pi
** Message: 17:59:02.095: utils.vala:144: System system path location : /etc/xdg/lxsession/LXDE-pi/autostart
** Message: 17:59:02.095: utils.vala:148: Final file used : /etc/xdg/lxsession/LXDE-pi/autostart
** Message: 17:59:02.095: autostart.vala:42: Autostart path : /etc/xdg/lxsession/LXDE-pi/autostart
** Message: 17:59:02.124: app.vala:76: Launching lxpanel 
** Message: 17:59:02.138: app.vala:76: Launching pcmanfm 

** (lxsession:730): WARNING **: 17:59:02.145: app.vala:86: L’exécution du processus fils « xscreensaver » a échoué (Aucun fichier ou dossier de ce type)

** (lxsession:730): WARNING **: 17:59:02.145: app.vala:87: Error when launching xscreensaver
** Message: 17:59:02.158: options.vala:107: Create build-in Clipboard
** Message: 17:59:02.160: main.vala:450: Check keymap_mode (null)
** Message: 17:59:02.166: app.vala:76: Launching /usr/bin/ssh-agent 
SSH_AUTH_SOCK=/tmp/ssh-UKSbPayRJ5fV/agent.889; export SSH_AUTH_SOCK;
SSH_AGENT_PID=893; export SSH_AGENT_PID;
echo Agent pid 893;
** Message: 17:59:02.474: app.vala:130: /usr/bin/ssh-agent exit with this type of exit: 0
Openbox-Message: Impossible de trouver un fichier de menus valide  « /usr/share/lxde/openbox/menu.xml »
** Message: 17:59:03.393: x-terminal-emulator has very limited support, consider choosing another terminal

** (pcmanfm:884): WARNING **: 17:59:03.411: The directory '/home/chris/Templates' doesn't exist, ignoring it
** Message: 17:59:03.513: x-terminal-emulator has very limited support, consider choosing another terminal

** (lxpanel:882): WARNING **: 17:59:03.516: The directory '/home/chris/Templates' doesn't exist, ignoring it
grep: /home/chris/.config/lxpanel/LXDE-pi/panels/*: Aucun fichier ou dossier de ce type
** Message: 17:59:04.595: netman: network manager service not running; plugin hidden
** Message: 17:59:04.627: Connecting ...
** Message: 17:59:04.627: Status changed to down

** (lxpanel:882): CRITICAL **: 17:59:04.627: dhcpcd_open: Ioctl() inapproprié pour un périphérique
** Message: 17:59:05.159: ptbatt: battery 0 not found
** Message: 17:59:05.491: up: No network connection - polling...
** Message: 17:59:05.628: Status changed to opened
** Message: 17:59:05.629: Connected to dhcpcd-8.1.2
** Message: 17:59:05.629: Status changed to connecting
** Message: 17:59:05.629: eth0: Link is down
** Message: 17:59:05.629: wlan0: Associated with DECO_WIFI_MURA
** Message: 17:59:05.631: wlan0: WPA status connected
** Message: 17:59:08.194: wlan0: Configured 192.168.68.103/22
** Message: 17:59:08.194: Status changed to connected
** Message: 18:00:19.209: up: Checking for updates
** Message: 18:00:22.079: up: Cache updated - comparing versions
** Message: 18:00:28.646: up: Check complete - no updates available
